<?xml version="1.0" encoding="UTF-8" standalone="yes"?>
<ns2:test-suite start="1534749862650" stop="1534749888900" version="1.5.2" xmlns:ns2="urn:model.allure.qatools.yandex.ru">
    <name>Login</name>
    <description type="text"></description>
    <test-cases>
        <test-case start="1534749863053" stop="1534749888898" status="failed">
            <name>Customer can login</name>
            <title>Customer can login</title>
            <description type="text"></description>
            <failure>
                <message>AssertionError: Element should be visible</message>
                <stack-trace>java.lang.AssertionError: Element should be visible
	at net.serenitybdd.core.pages.WebElementFacadeImpl.failWithMessage(WebElementFacadeImpl.java:754)
	at net.serenitybdd.core.pages.WebElementFacadeImpl.shouldBeVisible(WebElementFacadeImpl.java:381)
	at sun.reflect.NativeMethodAccessorImpl.invoke0(Native Method)
	at sun.reflect.NativeMethodAccessorImpl.invoke(NativeMethodAccessorImpl.java:62)
	at sun.reflect.DelegatingMethodAccessorImpl.invoke(DelegatingMethodAccessorImpl.java:43)
	at java.lang.reflect.Method.invoke(Method.java:498)
	at net.thucydides.core.annotations.locators.AbstractSingleItemHandler.invoke(AbstractSingleItemHandler.java:45)
	at com.sun.proxy.$Proxy23.shouldBeVisible(Unknown Source)
	at pages.HomePage.verifyBtnBurger(HomePage.java:20)
	at steps.HomeStep.clickBurgerMenu(HomeStep.java:27)
	at steps.HomeStep$$EnhancerByCGLIB$$a6f542a.CGLIB$clickBurgerMenu$2(&lt;generated&gt;)
	at steps.HomeStep$$EnhancerByCGLIB$$a6f542a$$FastClassByCGLIB$$932e22b.invoke(&lt;generated&gt;)
	at net.sf.cglib.proxy.MethodProxy.invokeSuper(MethodProxy.java:228)
	at net.thucydides.core.steps.StepInterceptor.invokeMethod(StepInterceptor.java:395)
	at net.thucydides.core.steps.StepInterceptor.executeTestStepMethod(StepInterceptor.java:380)
	at net.thucydides.core.steps.StepInterceptor.runTestStep(StepInterceptor.java:355)
	at net.thucydides.core.steps.StepInterceptor.testStepResult(StepInterceptor.java:132)
	at net.thucydides.core.steps.StepInterceptor.intercept(StepInterceptor.java:61)
	at steps.HomeStep$$EnhancerByCGLIB$$a6f542a.clickBurgerMenu(&lt;generated&gt;)
	at stepDefinitions.HomeStepDefinition.iClickBurgerMenu(HomeStepDefinition.java:21)
	at âœ½.When I click burger menu(src/test/features/Login.feature:5)
</stack-trace>
            </failure>
            <steps>
                <step start="1534749863073" stop="1534749882542" status="passed">
                    <name>Given I open the website</name>
                    <title>Given I open the website</title>
                </step>
                <step start="1534749882543" stop="1534749886277" status="failed">
                    <name>When I click burger menu</name>
                    <title>When I click burger menu</title>
                </step>
                <step start="1534749886279" stop="1534749886282" status="canceled">
                    <name>When I click My Account menu</name>
                    <title>When I click My Account menu</title>
                </step>
                <step start="1534749886284" stop="1534749886284" status="canceled">
                    <name>When I click Login menu</name>
                    <title>When I click Login menu</title>
                </step>
                <step start="1534749886286" stop="1534749886287" status="canceled">
                    <name>Then I can see Login page</name>
                    <title>Then I can see Login page</title>
                </step>
                <step start="1534749886289" stop="1534749886290" status="canceled">
                    <name>When I input email "user@phptravels.com"</name>
                    <title>When I input email "user@phptravels.com"</title>
                </step>
                <step start="1534749886292" stop="1534749886293" status="canceled">
                    <name>And I input password "demouser"</name>
                    <title>And I input password "demouser"</title>
                </step>
                <step start="1534749886298" stop="1534749886300" status="canceled">
                    <name>And I click Submit button</name>
                    <title>And I click Submit button</title>
                </step>
                <step start="1534749886301" stop="1534749887183" status="canceled">
                    <name>Then I can see Account page contains "Johny Smith"</name>
                    <title>Then I can see Account page contains "Johny Smith"</title>
                </step>
            </steps>
            <attachments/>
            <labels>
                <label name="story" value="Customer can login"/>
                <label name="feature" value="Login"/>
                <label name="host" value="INBGQT-LT-0295"/>
                <label name="thread" value="14268@INBGQT-LT-0295.main(1)"/>
                <label name="framework" value="CucumberJVM"/>
            </labels>
        </test-case>
    </test-cases>
    <labels>
        <label name="feature" value="Login"/>
        <label name="language" value="JAVA"/>
    </labels>
</ns2:test-suite>
